{"/home/hamza/Vue-Vuex/mastermind/babel.config.js": {"path":"/home/hamza/Vue-Vuex/mastermind/babel.config.js","statementMap":{"0":{"start":{"line":1,"column":0},"end":{"line":3,"column":2}}},"fnMap":{},"branchMap":{},"s":{"0":0},"f":{},"b":{}}
,"/home/hamza/Vue-Vuex/mastermind/src/App.vue": {"path":"/home/hamza/Vue-Vuex/mastermind/src/App.vue","statementMap":{"0":{"start":{"line":52,"column":0},"end":{"line":null,"column":-1}},"1":{"start":{"line":53,"column":0},"end":{"line":null,"column":-1}},"2":{"start":{"line":54,"column":0},"end":{"line":null,"column":-1}},"3":{"start":{"line":56,"column":0},"end":{"line":null,"column":-1}},"4":{"start":{"line":68,"column":0},"end":{"line":null,"column":-1}},"5":{"start":{"line":70,"column":0},"end":{"line":null,"column":-1}},"6":{"start":{"line":73,"column":0},"end":{"line":null,"column":-1}},"7":{"start":{"line":77,"column":0},"end":{"line":null,"column":-1}},"8":{"start":{"line":68,"column":0},"end":{"line":58,"column":0}}},"fnMap":{"0":{"name":"(anonymous_1)","decl":{"start":{"line":69,"column":0},"end":{"line":null,"column":-1}},"loc":{"start":{"line":69,"column":0},"end":{"line":71,"column":0}}},"1":{"name":"(anonymous_2)","decl":{"start":{"line":76,"column":0},"end":{"line":null,"column":-1}},"loc":{"start":{"line":76,"column":0},"end":{"line":78,"column":0}}}},"branchMap":{"0":{"loc":{"start":{"line":77,"column":0},"end":{"line":null,"column":-1}},"type":"cond-expr","locations":[{"start":{"line":77,"column":0},"end":{"line":null,"column":-1}},{"start":{"line":77,"column":0},"end":{"line":null,"column":-1}}]}},"s":{"0":0,"1":0,"2":0,"3":0,"4":0,"5":0,"6":0,"7":0,"8":0},"f":{"0":0,"1":0},"b":{"0":[0,0]}}
,"/home/hamza/Vue-Vuex/mastermind/src/router.ts": {"path":"/home/hamza/Vue-Vuex/mastermind/src/router.ts","statementMap":{"0":{"start":{"line":1,"column":0},"end":{"line":null,"column":-1}},"1":{"start":{"line":2,"column":0},"end":{"line":null,"column":-1}},"2":{"start":{"line":3,"column":0},"end":{"line":null,"column":-1}},"3":{"start":{"line":5,"column":0},"end":{"line":null,"column":-1}},"4":{"start":{"line":19,"column":17},"end":{"line":null,"column":-1}}},"fnMap":{"0":{"name":"(anonymous_0)","decl":{"start":{"line":19,"column":17},"end":{"line":null,"column":-1}},"loc":{"start":{"line":19,"column":17},"end":{"line":null,"column":-1}}}},"branchMap":{},"s":{"0":0,"1":0,"2":0,"3":0,"4":0},"f":{"0":0},"b":{}}
,"/home/hamza/Vue-Vuex/mastermind/src/store.ts": {"path":"/home/hamza/Vue-Vuex/mastermind/src/store.ts","statementMap":{"0":{"start":{"line":1,"column":0},"end":{"line":null,"column":-1}},"1":{"start":{"line":2,"column":0},"end":{"line":null,"column":-1}},"2":{"start":{"line":9,"column":0},"end":{"line":null,"column":-1}},"3":{"start":{"line":11,"column":0},"end":{"line":null,"column":-1}},"4":{"start":{"line":18,"column":43},"end":{"line":18,"column":0}},"5":{"start":{"line":20,"column":4},"end":{"line":null,"column":-1}},"6":{"start":{"line":23,"column":4},"end":{"line":null,"column":-1}},"7":{"start":{"line":27,"column":50},"end":{"line":27,"column":0}},"8":{"start":{"line":29,"column":4},"end":{"line":null,"column":-1}},"9":{"start":{"line":32,"column":4},"end":{"line":null,"column":-1}},"10":{"start":{"line":36,"column":0},"end":{"line":null,"column":-1}},"11":{"start":{"line":37,"column":2},"end":{"line":null,"column":-1}},"12":{"start":{"line":38,"column":2},"end":{"line":null,"column":-1}},"13":{"start":{"line":41,"column":47},"end":{"line":41,"column":0}}},"fnMap":{"0":{"name":"(anonymous_0)","decl":{"start":{"line":36,"column":0},"end":{"line":36,"column":11}},"loc":{"start":{"line":36,"column":19},"end":{"line":36,"column":0}}}},"branchMap":{"0":{"loc":{"start":{"line":36,"column":12},"end":{"line":36,"column":19}},"type":"binary-expr","locations":[{"start":{"line":36,"column":12},"end":{"line":36,"column":19}},{"start":{"line":36,"column":19},"end":{"line":36,"column":18}}]}},"s":{"0":0,"1":0,"2":0,"3":0,"4":0,"5":0,"6":0,"7":0,"8":0,"9":0,"10":0,"11":0,"12":0,"13":0},"f":{"0":0},"b":{"0":[0,0]}}
,"/home/hamza/Vue-Vuex/mastermind/src/components/HelloWorld.vue": {"path":"/home/hamza/Vue-Vuex/mastermind/src/components/HelloWorld.vue","statementMap":{"0":{"start":{"line":6,"column":0},"end":{"line":null,"column":-1}},"1":{"start":{"line":7,"column":0},"end":{"line":null,"column":-1}},"2":{"start":{"line":10,"column":0},"end":{"line":null,"column":-1}},"3":{"start":{"line":12,"column":0},"end":{"line":null,"column":-1}},"4":{"start":{"line":14,"column":0},"end":{"line":null,"column":-1}}},"fnMap":{"0":{"name":"(anonymous_1)","decl":{"start":{"line":11,"column":0},"end":{"line":null,"column":-1}},"loc":{"start":{"line":11,"column":0},"end":{"line":13,"column":0}}}},"branchMap":{},"s":{"0":1,"1":1,"2":2,"3":1,"4":1},"f":{"0":1},"b":{}}
,"/home/hamza/Vue-Vuex/mastermind/src/models/shared.ts": {"path":"/home/hamza/Vue-Vuex/mastermind/src/models/shared.ts","statementMap":{"0":{"start":{"line":13,"column":15},"end":{"line":13,"column":2}},"1":{"start":{"line":14,"column":16},"end":{"line":14,"column":2}},"2":{"start":{"line":16,"column":14},"end":{"line":16,"column":2}},"3":{"start":{"line":17,"column":2},"end":{"line":23,"column":3}},"4":{"start":{"line":18,"column":4},"end":{"line":null,"column":-1}},"5":{"start":{"line":18,"column":31},"end":{"line":18,"column":8}},"6":{"start":{"line":19,"column":4},"end":{"line":22,"column":5}},"7":{"start":{"line":20,"column":6},"end":{"line":null,"column":-1}},"8":{"start":{"line":21,"column":6},"end":{"line":21,"column":11}},"9":{"start":{"line":25,"column":2},"end":{"line":null,"column":-1}},"10":{"start":{"line":27,"column":18},"end":{"line":27,"column":2}},"11":{"start":{"line":28,"column":4},"end":{"line":30,"column":5}},"12":{"start":{"line":29,"column":6},"end":{"line":null,"column":-1}},"13":{"start":{"line":31,"column":4},"end":{"line":null,"column":-1}},"14":{"start":{"line":34,"column":2},"end":{"line":null,"column":-1}}},"fnMap":{"0":{"name":"computeResult","decl":{"start":{"line":12,"column":16},"end":{"line":12,"column":6}},"loc":{"start":{"line":12,"column":59},"end":{"line":35,"column":1}}},"1":{"name":"(anonymous_1)","decl":{"start":{"line":18,"column":26},"end":{"line":18,"column":27}},"loc":{"start":{"line":18,"column":31},"end":{"line":18,"column":8}}},"2":{"name":"(anonymous_2)","decl":{"start":{"line":27,"column":30},"end":{"line":27,"column":31}},"loc":{"start":{"line":27,"column":49},"end":{"line":27,"column":18}}}},"branchMap":{"0":{"loc":{"start":{"line":19,"column":4},"end":{"line":22,"column":5}},"type":"if","locations":[{"start":{"line":19,"column":4},"end":{"line":22,"column":5}},{"start":{"line":19,"column":4},"end":{"line":22,"column":5}}]},"1":{"loc":{"start":{"line":28,"column":4},"end":{"line":30,"column":5}},"type":"if","locations":[{"start":{"line":28,"column":4},"end":{"line":30,"column":5}},{"start":{"line":28,"column":4},"end":{"line":30,"column":5}}]}},"s":{"0":5,"1":5,"2":5,"3":5,"4":25,"5":53,"6":25,"7":17,"8":17,"9":5,"10":5,"11":25,"12":12,"13":13,"14":5},"f":{"0":5,"1":53,"2":25},"b":{"0":[17,8],"1":[12,13]}}
,"/home/hamza/Vue-Vuex/mastermind/src/store/ui.store.ts": {"path":"/home/hamza/Vue-Vuex/mastermind/src/store/ui.store.ts","statementMap":{"0":{"start":{"line":10,"column":0},"end":{"line":null,"column":-1}},"1":{"start":{"line":16,"column":21},"end":{"line":16,"column":0}},"2":{"start":{"line":20,"column":39},"end":{"line":20,"column":0}},"3":{"start":{"line":22,"column":4},"end":{"line":null,"column":-1}},"4":{"start":{"line":23,"column":4},"end":{"line":null,"column":-1}},"5":{"start":{"line":27,"column":46},"end":{"line":27,"column":0}},"6":{"start":{"line":29,"column":4},"end":{"line":null,"column":-1}},"7":{"start":{"line":33,"column":46},"end":{"line":33,"column":0}},"8":{"start":{"line":34,"column":19},"end":{"line":33,"column":46}},"9":{"start":{"line":35,"column":21},"end":{"line":35,"column":27}},"10":{"start":{"line":38,"column":37},"end":{"line":38,"column":0}},"11":{"start":{"line":46,"column":0},"end":{"line":null,"column":-1}},"12":{"start":{"line":47,"column":2},"end":{"line":null,"column":-1}}},"fnMap":{"0":{"name":"(anonymous_0)","decl":{"start":{"line":34,"column":10},"end":{"line":34,"column":14}},"loc":{"start":{"line":34,"column":19},"end":{"line":33,"column":46}}},"1":{"name":"(anonymous_1)","decl":{"start":{"line":35,"column":12},"end":{"line":35,"column":16}},"loc":{"start":{"line":35,"column":21},"end":{"line":35,"column":27}}},"2":{"name":"(anonymous_2)","decl":{"start":{"line":46,"column":0},"end":{"line":46,"column":11}},"loc":{"start":{"line":46,"column":21},"end":{"line":46,"column":0}}}},"branchMap":{"0":{"loc":{"start":{"line":46,"column":12},"end":{"line":46,"column":21}},"type":"binary-expr","locations":[{"start":{"line":46,"column":12},"end":{"line":46,"column":21}},{"start":{"line":46,"column":21},"end":{"line":46,"column":20}}]}},"s":{"0":0,"1":0,"2":0,"3":0,"4":0,"5":0,"6":0,"7":0,"8":0,"9":0,"10":0,"11":0,"12":0},"f":{"0":0,"1":0,"2":0},"b":{"0":[0,0]}}
,"/home/hamza/Vue-Vuex/mastermind/src/views/Home.vue": {"path":"/home/hamza/Vue-Vuex/mastermind/src/views/Home.vue","statementMap":{"0":{"start":{"line":32,"column":0},"end":{"line":null,"column":-1}},"1":{"start":{"line":33,"column":0},"end":{"line":null,"column":-1}},"2":{"start":{"line":34,"column":0},"end":{"line":null,"column":-1}},"3":{"start":{"line":35,"column":0},"end":{"line":null,"column":-1}},"4":{"start":{"line":46,"column":0},"end":{"line":null,"column":-1}},"5":{"start":{"line":47,"column":0},"end":{"line":null,"column":-1}},"6":{"start":{"line":52,"column":0},"end":{"line":null,"column":-1}},"7":{"start":{"line":57,"column":0},"end":{"line":null,"column":-1}},"8":{"start":{"line":60,"column":0},"end":{"line":null,"column":-1}},"9":{"start":{"line":61,"column":0},"end":{"line":null,"column":-1}},"10":{"start":{"line":46,"column":0},"end":{"line":37,"column":0}}},"fnMap":{"0":{"name":"(anonymous_1)","decl":{"start":{"line":37,"column":0},"end":{"line":null,"column":-1}},"loc":{"start":{"line":37,"column":0},"end":{"line":63,"column":0}}},"1":{"name":"(anonymous_2)","decl":{"start":{"line":52,"column":0},"end":{"line":null,"column":-1}},"loc":{"start":{"line":52,"column":0},"end":{"line":null,"column":-1}}},"2":{"name":"(anonymous_4)","decl":{"start":{"line":59,"column":0},"end":{"line":null,"column":-1}},"loc":{"start":{"line":59,"column":0},"end":{"line":62,"column":0}}}},"branchMap":{"0":{"loc":{"start":{"line":52,"column":0},"end":{"line":null,"column":-1}},"type":"binary-expr","locations":[{"start":{"line":52,"column":0},"end":{"line":null,"column":-1}},{"start":{"line":52,"column":0},"end":{"line":null,"column":-1}}]},"1":{"loc":{"start":{"line":52,"column":0},"end":{"line":null,"column":-1}},"type":"binary-expr","locations":[{"start":{"line":52,"column":0},"end":{"line":null,"column":-1}},{"start":{"line":52,"column":0},"end":{"line":null,"column":-1}},{"start":{"line":52,"column":0},"end":{"line":null,"column":-1}}]}},"s":{"0":0,"1":0,"2":0,"3":0,"4":0,"5":0,"6":0,"7":0,"8":0,"9":0,"10":0},"f":{"0":0,"1":0,"2":0},"b":{"0":[0,0],"1":[0,0,0]}}
,"/home/hamza/Vue-Vuex/mastermind/src/views/VsCpu.vue": {"path":"/home/hamza/Vue-Vuex/mastermind/src/views/VsCpu.vue","statementMap":{"0":{"start":{"line":32,"column":0},"end":{"line":null,"column":-1}},"1":{"start":{"line":33,"column":0},"end":{"line":null,"column":-1}},"2":{"start":{"line":34,"column":0},"end":{"line":null,"column":-1}},"3":{"start":{"line":42,"column":0},"end":{"line":null,"column":-1}},"4":{"start":{"line":42,"column":0},"end":{"line":36,"column":0}}},"fnMap":{},"branchMap":{},"s":{"0":0,"1":0,"2":0,"3":0,"4":0},"f":{},"b":{}}
,"/home/hamza/Vue-Vuex/mastermind/tests/e2e/.eslintrc.js": {"path":"/home/hamza/Vue-Vuex/mastermind/tests/e2e/.eslintrc.js","statementMap":{"0":{"start":{"line":1,"column":0},"end":{"line":10,"column":2}}},"fnMap":{},"branchMap":{},"s":{"0":0},"f":{},"b":{}}
,"/home/hamza/Vue-Vuex/mastermind/tests/e2e/plugins/index.js": {"path":"/home/hamza/Vue-Vuex/mastermind/tests/e2e/plugins/index.js","statementMap":{"0":{"start":{"line":11,"column":0},"end":{"line":24,"column":2}},"1":{"start":{"line":17,"column":2},"end":{"line":23,"column":5}}},"fnMap":{"0":{"name":"(anonymous_0)","decl":{"start":{"line":11,"column":17},"end":{"line":11,"column":18}},"loc":{"start":{"line":11,"column":33},"end":{"line":24,"column":1}},"line":11}},"branchMap":{},"s":{"0":0,"1":0},"f":{"0":0},"b":{}}
,"/home/hamza/Vue-Vuex/mastermind/tests/e2e/specs/test.js": {"path":"/home/hamza/Vue-Vuex/mastermind/tests/e2e/specs/test.js","statementMap":{"0":{"start":{"line":3,"column":0},"end":{"line":8,"column":3}},"1":{"start":{"line":4,"column":2},"end":{"line":7,"column":5}},"2":{"start":{"line":5,"column":4},"end":{"line":5,"column":18}},"3":{"start":{"line":6,"column":4},"end":{"line":6,"column":65}}},"fnMap":{"0":{"name":"(anonymous_0)","decl":{"start":{"line":3,"column":26},"end":{"line":3,"column":27}},"loc":{"start":{"line":3,"column":32},"end":{"line":8,"column":1}},"line":3},"1":{"name":"(anonymous_1)","decl":{"start":{"line":4,"column":32},"end":{"line":4,"column":33}},"loc":{"start":{"line":4,"column":38},"end":{"line":7,"column":3}},"line":4}},"branchMap":{},"s":{"0":0,"1":0,"2":0,"3":0},"f":{"0":0,"1":0},"b":{}}
,"/home/hamza/Vue-Vuex/mastermind/tests/e2e/support/commands.js": {"path":"/home/hamza/Vue-Vuex/mastermind/tests/e2e/support/commands.js","statementMap":{},"fnMap":{},"branchMap":{},"s":{},"f":{},"b":{}}
,"/home/hamza/Vue-Vuex/mastermind/tests/unit/.eslintrc.js": {"path":"/home/hamza/Vue-Vuex/mastermind/tests/unit/.eslintrc.js","statementMap":{"0":{"start":{"line":1,"column":0},"end":{"line":5,"column":2}}},"fnMap":{},"branchMap":{},"s":{"0":0},"f":{},"b":{}}
}
